<?xml version="1.0" encoding="UTF-8"?>
<!-- Generated by org.testng.reporters.JUnitReportReporter -->
<testsuite hostname="DESKTOP-VIA45SS" failures="0" tests="1" name="TestCases.addToCartTestCases" time="11.184" errors="0" timestamp="2024-11-06T22:28:16 IST" skipped="0">
  <testcase classname="TestCases.addToCartTestCases" name="verifyProductPriceBeforeAndAfter" time="11.184"/>
  <system-out/>
</testsuite> <!-- TestCases.addToCartTestCases -->
