<?xml version="1.0" encoding="UTF-8"?>
<!-- Generated by org.testng.reporters.JUnitReportReporter -->
<testsuite hostname="DESKTOP-VIA45SS" failures="0" tests="2" name="testNGConcepts.Demo1" time="0.040" errors="0" timestamp="2024-10-20T23:09:24 IST" skipped="0">
  <testcase classname="testNGConcepts.Demo1" name="verifyRegisteration" time="0.012"/>
  <system-out/>
  <testcase classname="testNGConcepts.Demo1" name="verifyLogin" time="0.028"/>
  <system-out/>
</testsuite> <!-- testNGConcepts.Demo1 -->
