<?xml version="1.0" encoding="UTF-8"?>
<!-- Generated by org.testng.reporters.JUnitReportReporter -->
<testsuite hostname="DESKTOP-VIA45SS" failures="0" tests="2" name="TestCases.loginTestCases" time="10.575" errors="0" timestamp="2024-11-06T22:28:16 IST" skipped="1">
  <testcase classname="TestCases.loginTestCases" name="verifyLoginWithValidData" time="10.575"/>
  <system-out/>
  <testcase classname="TestCases.loginTestCases" name="verifyLoginWithInvalidData">
    <skipped/>
  </testcase> <!-- verifyLoginWithInvalidData -->
  <system-out/>
</testsuite> <!-- TestCases.loginTestCases -->
