<?xml version="1.0" encoding="UTF-8"?>
<!-- Generated by org.testng.reporters.JUnitReportReporter -->
<testsuite hostname="DESKTOP-VIA45SS" failures="0" tests="2" name="testNGConcepts.Demo2" time="0.018" errors="0" timestamp="2024-10-20T23:09:24 IST" skipped="0">
  <testcase classname="testNGConcepts.Demo2" name="verifyLogout" time="0.007"/>
  <system-out/>
  <testcase classname="testNGConcepts.Demo2" name="verifyProduct" time="0.011"/>
  <system-out/>
</testsuite> <!-- testNGConcepts.Demo2 -->
